SIC SIMULATOR V1.6
File names are:
loader                                 
DEVF1                                  
DEVF2                                  
DEVF3                                  
DEV04                                  
DEV05                                  
DEV06                                  
COMMAND: A(CCEPT file names, R(ENAME 1 or more files
r
loader                                 
DEVF1                                  
pgm.obj
DEVF2                                  
DEVF3                                  
DEV04                                  
DEV05                                  
DEV06                                  
File names are:
loader                                 
pgm.obj                                
DEVF2                                  
DEVF3                                  
DEV04                                  
DEV05                                  
DEV06                                  
COMMAND: A(CCEPT file names, R(ENAME 1 or more files
a

COMMAND: S(TART, R(UN, E(NTER, D(UMP, H(COUNT, B(KPT, F(ILES, T(RACE, Q(UIT?
s

COMMAND: S(TART, R(UN, E(NTER, D(UMP, H(COUNT, B(KPT, F(ILES, T(RACE, Q(UIT?
r
  1000 INSTRUCTIONS EXECUTED
P=000068

COMMAND: S(TART, R(UN, E(NTER, D(UMP, H(COUNT, B(KPT, F(ILES, T(RACE, Q(UIT?
d r
A=00000A   X=000011   L=00003A   B=000100   
S=FFFFFF   T=FFFFFF   P=000068   CC=LT

COMMAND: S(TART, R(UN, E(NTER, D(UMP, H(COUNT, B(KPT, F(ILES, T(RACE, Q(UIT?
UNRECOGNIZED COMMAND

COMMAND: S(TART, R(UN, E(NTER, D(UMP, H(COUNT, B(KPT, F(ILES, T(RACE, Q(UIT?
r
  1000 INSTRUCTIONS EXECUTED
P=000048

COMMAND: S(TART, R(UN, E(NTER, D(UMP, H(COUNT, B(KPT, F(ILES, T(RACE, Q(UIT?
d r
A=000000   X=000027   L=000042   B=000100   
S=FFFFFF   T=FFFFFF   P=000048   CC=LT

COMMAND: S(TART, R(UN, E(NTER, D(UMP, H(COUNT, B(KPT, F(ILES, T(RACE, Q(UIT?
r
  1000 INSTRUCTIONS EXECUTED
P=000048

COMMAND: S(TART, R(UN, E(NTER, D(UMP, H(COUNT, B(KPT, F(ILES, T(RACE, Q(UIT?
d r
A=00000A   X=00003E   L=00003A   B=000100   
S=FFFFFF   T=FFFFFF   P=000048   CC=EQ

COMMAND: S(TART, R(UN, E(NTER, D(UMP, H(COUNT, B(KPT, F(ILES, T(RACE, Q(UIT?
d
INVALID STARTING ADDRESS
NO ENDING ADDRESS SPECIFIED

COMMAND: S(TART, R(UN, E(NTER, D(UMP, H(COUNT, B(KPT, F(ILES, T(RACE, Q(UIT?
r
ADDRESS OUT OF RANGE
P=000120

COMMAND: S(TART, R(UN, E(NTER, D(UMP, H(COUNT, B(KPT, F(ILES, T(RACE, Q(UIT?
d r
A=000008   X=000021   L=FFFFFF   B=00015C   
S=000003   T=00001F   P=000120   CC=GT

COMMAND: S(TART, R(UN, E(NTER, D(UMP, H(COUNT, B(KPT, F(ILES, T(RACE, Q(UIT?
r
ILLEGAL MACHINE INSTRUCTION
P=00015C

COMMAND: S(TART, R(UN, E(NTER, D(UMP, H(COUNT, B(KPT, F(ILES, T(RACE, Q(UIT?
d r
A=000A3B   X=000021   L=FFFFFF   B=00015C   
S=000003   T=00001F   P=00015C   CC=GT

COMMAND: S(TART, R(UN, E(NTER, D(UMP, H(COUNT, B(KPT, F(ILES, T(RACE, Q(UIT?
d
INVALID STARTING ADDRESS
NO ENDING ADDRESS SPECIFIED

COMMAND: S(TART, R(UN, E(NTER, D(UMP, H(COUNT, B(KPT, F(ILES, T(RACE, Q(UIT?
d
INVALID STARTING ADDRESS
NO ENDING ADDRESS SPECIFIED

COMMAND: S(TART, R(UN, E(NTER, D(UMP, H(COUNT, B(KPT, F(ILES, T(RACE, Q(UIT?
d
INVALID STARTING ADDRESS
NO ENDING ADDRESS SPECIFIED

COMMAND: S(TART, R(UN, E(NTER, D(UMP, H(COUNT, B(KPT, F(ILES, T(RACE, Q(UIT?
d 100-200

0100 090FFF6D 00037500 1F050000 03A01198
0110 210FA045 98219041 A0153B2F EF4F0000
0120 0000[5D00 00320000 C5000037 00006000
0130 00410000 4A00005C 00002B00 0008]{0000
0140 0800002B 00005C00 004A0000 41000060
0150 00003700 00C50000 3200005D} FFFFFFFF
0160 FFFFFFFF FFFFFFFF FFFFFFFF FFFFFFFF
0170 FFFFFFFF FFFFFFFF FFFFFFFF FFFFFFFF
0180 FFFFFFFF FFFFFFFF FFFFFFFF FFFFFFFF
0190 FFFFFFFF FFFFFFFF FFFFFFFF FFFFFFFF
01A0 FFFFFFFF FFFFFFFF FFFFFFFF FFFFFFFF
01B0 FFFFFFFF FFFFFFFF FFFFFFFF FFFFFFFF
01C0 FFFFFFFF FFFFFFFF FFFFFFFF FFFFFFFF
01D0 FFFFFFFF FFFFFFFF FFFFFFFF FFFFFFFF
01E0 FFFFFFFF FFFFFFFF FFFFFFFF FFFFFFFF
01F0 FFFFFFFF FFFFFFFF FFFFFFFF FFFFFFFF
0200 FFFFFFFF FFFFFFFF FFFFFFFF FFFFFFFF

COMMAND: S(TART, R(UN, E(NTER, D(UMP, H(COUNT, B(KPT, F(ILES, T(RACE, Q(UIT?
q
